2020/02/25 17:36:21 >>> {"method":"client_started","params":{"config_dir":"/home/emi/.config/xi/"}}
2020/02/25 17:36:21 >>> {"method":"set_theme","params":{"theme_name":"base16-eighties.dark"}}
2020/02/25 17:36:21 >>> {"method":"new_view","params":{"file_path":"vim_plug.py"},"id":1}
2020/02/25 17:36:21 <<< {"method":"available_languages","params":{"languages":[]}}
2020/02/25 17:36:21 unhandled request: available_languages
2020/02/25 17:36:21 <<< {"method":"available_themes","params":{"themes":["InspiredGitHub","Solarized (dark)","Solarized (light)","base16-eighties.dark","base16-mocha.dark","base16-ocean.dark","base16-ocean.light"]}}
2020/02/25 17:36:21 unhandled request: available_themes
2020/02/25 17:36:21 <<< {"method":"theme_changed","params":{"name":"base16-eighties.dark","theme":{"accent":null,"active_guide":null,"background":{"a":255,"b":45,"g":45,"r":45},"bracket_contents_foreground":null,"bracket_contents_options":null,"brackets_background":null,"brackets_foreground":null,"brackets_options":null,"caret":{"a":255,"b":200,"g":208,"r":211},"find_highlight":null,"find_highlight_foreground":null,"foreground":{"a":255,"b":200,"g":208,"r":211},"guide":null,"gutter":null,"gutter_foreground":null,"highlight":null,"highlight_foreground":null,"inactive_selection":null,"inactive_selection_foreground":null,"line_highlight":{"a":48,"b":105,"g":115,"r":116},"minimap_border":null,"misspelling":null,"phantom_css":null,"popup_css":null,"selection":{"a":255,"b":81,"g":81,"r":81},"selection_background":null,"selection_border":null,"selection_foreground":null,"shadow":null,"stack_guide":null,"tags_foreground":null,"tags_options":null}}}
2020/02/25 17:36:21 <<< {"id":1,"result":"view-id-1"}
2020/02/25 17:36:21 <<< {"method":"available_plugins","params":{"plugins":[],"view_id":"view-id-1"}}
2020/02/25 17:36:21 unhandled request: available_plugins
2020/02/25 17:36:21 <<< {"method":"config_changed","params":{"changes":{"auto_indent":true,"autodetect_whitespace":true,"font_face":"InconsolataGo","font_size":14,"line_ending":"\n","plugin_search_path":[],"save_with_newline":true,"scroll_past_end":false,"surrounding_pairs":[["\"","\""],["'","'"],["{","}"],["[","]"]],"tab_size":4,"translate_tabs_to_spaces":true,"use_tab_stops":true,"word_wrap":false,"wrap_width":0},"view_id":"view-id-1"}}
2020/02/25 17:36:21 unhandled request: config_changed
2020/02/25 17:36:21 <<< {"method":"language_changed","params":{"language_id":"Plain Text","view_id":"view-id-1"}}
2020/02/25 17:36:21 unhandled request: language_changed
2020/02/25 17:36:21 >>> {"method":"edit","params":{"method":"scroll","params":[0,56],"view_id":"view-id-1"}}
2020/02/25 17:36:21 <<< {"method":"update","params":{"update":{"annotations":[{"n":1,"payloads":null,"ranges":[[0,0,0,0]],"type":"selection"}],"ops":[{"lines":[{"cursor":[0],"ln":1,"styles":[],"text":"from shutil import copyfile\n"},{"ln":2,"styles":[],"text":"import os\n"},{"ln":3,"styles":[],"text":"\n"},{"ln":4,"styles":[],"text":"str = os.getcwd()\n"},{"ln":5,"styles":[],"text":"copyfile(\"/home/emi/.vimrc\",\"oldVimrc\")\n"},{"ln":6,"styles":[],"text":"vimrc = open(\"/home/emi/.vimrc\", \"w\") # option w for overwriting current content\n"},{"ln":7,"styles":[],"text":"for file in os.listdir(\"./vim/\"):\n"},{"ln":8,"styles":[],"text":"    str = \"vim/\" + file\n"},{"ln":9,"styles":[],"text":"    vimrc.write(open(str).read())\n"},{"ln":10,"styles":[],"text":"vimrc.close()\n"},{"ln":11,"styles":[],"text":""}],"n":11,"op":"ins"}],"pristine":true},"view_id":"view-id-1"}}
2020/02/25 17:36:21 <<< {"method":"scroll_to","params":{"col":0,"line":0,"view_id":"view-id-1"}}
2020/02/25 17:36:21 unhandled request: scroll_to
2020/02/25 17:36:21 <<< {"method":"update","params":{"update":{"annotations":[{"n":1,"payloads":null,"ranges":[[0,0,0,0]],"type":"selection"}],"ops":[{"ln":1,"n":11,"op":"copy"}],"pristine":true},"view_id":"view-id-1"}}
2020/02/25 17:36:21 Theme:{<nil> <nil> 0xc0003ac4a0 0xc0003ac4d0 <nil> <nil> 0xc0003ac4c0}
2020/02/25 17:36:24 bye
2020/02/25 17:36:27 >>> {"method":"client_started","params":{"config_dir":"/home/emi/.config/xi/"}}
2020/02/25 17:36:27 >>> {"method":"set_theme","params":{"theme_name":"base16-eighties.dark"}}
2020/02/25 17:36:27 >>> {"method":"new_view","params":{"file_path":"--help"},"id":1}
2020/02/25 17:36:27 <<< {"method":"available_languages","params":{"languages":[]}}
2020/02/25 17:36:27 unhandled request: available_languages
2020/02/25 17:36:27 <<< {"method":"available_themes","params":{"themes":["InspiredGitHub","Solarized (dark)","Solarized (light)","base16-eighties.dark","base16-mocha.dark","base16-ocean.dark","base16-ocean.light"]}}
2020/02/25 17:36:27 unhandled request: available_themes
2020/02/25 17:36:27 <<< {"method":"theme_changed","params":{"name":"base16-eighties.dark","theme":{"accent":null,"active_guide":null,"background":{"a":255,"b":45,"g":45,"r":45},"bracket_contents_foreground":null,"bracket_contents_options":null,"brackets_background":null,"brackets_foreground":null,"brackets_options":null,"caret":{"a":255,"b":200,"g":208,"r":211},"find_highlight":null,"find_highlight_foreground":null,"foreground":{"a":255,"b":200,"g":208,"r":211},"guide":null,"gutter":null,"gutter_foreground":null,"highlight":null,"highlight_foreground":null,"inactive_selection":null,"inactive_selection_foreground":null,"line_highlight":{"a":48,"b":105,"g":115,"r":116},"minimap_border":null,"misspelling":null,"phantom_css":null,"popup_css":null,"selection":{"a":255,"b":81,"g":81,"r":81},"selection_background":null,"selection_border":null,"selection_foreground":null,"shadow":null,"stack_guide":null,"tags_foreground":null,"tags_options":null}}}
2020/02/25 17:36:27 <<< {"id":1,"result":"view-id-1"}
2020/02/25 17:36:27 <<< {"method":"available_plugins","params":{"plugins":[],"view_id":"view-id-1"}}
2020/02/25 17:36:27 unhandled request: available_plugins
2020/02/25 17:36:27 <<< {"method":"config_changed","params":{"changes":{"auto_indent":true,"autodetect_whitespace":true,"font_face":"InconsolataGo","font_size":14,"line_ending":"\n","plugin_search_path":[],"save_with_newline":true,"scroll_past_end":false,"surrounding_pairs":[["\"","\""],["'","'"],["{","}"],["[","]"]],"tab_size":4,"translate_tabs_to_spaces":true,"use_tab_stops":true,"word_wrap":false,"wrap_width":0},"view_id":"view-id-1"}}
2020/02/25 17:36:27 unhandled request: config_changed
2020/02/25 17:36:27 <<< {"method":"language_changed","params":{"language_id":"Plain Text","view_id":"view-id-1"}}
2020/02/25 17:36:27 unhandled request: language_changed
2020/02/25 17:36:27 <<< {"method":"update","params":{"update":{"annotations":[{"n":1,"payloads":null,"ranges":[[0,0,0,0]],"type":"selection"}],"ops":[{"lines":[{"cursor":[0],"ln":1,"styles":[],"text":""}],"n":1,"op":"ins"}],"pristine":true},"view_id":"view-id-1"}}
2020/02/25 17:36:27 >>> {"method":"edit","params":{"method":"scroll","params":[0,56],"view_id":"view-id-1"}}
2020/02/25 17:36:27 <<< {"method":"scroll_to","params":{"col":0,"line":0,"view_id":"view-id-1"}}
2020/02/25 17:36:27 unhandled request: scroll_to
2020/02/25 17:36:27 <<< {"method":"update","params":{"update":{"annotations":[{"n":1,"payloads":null,"ranges":[[0,0,0,0]],"type":"selection"}],"ops":[{"ln":1,"n":1,"op":"copy"}],"pristine":true},"view_id":"view-id-1"}}
2020/02/25 17:36:27 Theme:{<nil> <nil> 0xc0000a31d0 0xc0000a3200 <nil> <nil> 0xc0000a31f0}
2020/02/25 17:36:30 bye
